# JRE version: OpenJDK Runtime Environment (8.0_212-b04) (build 1.8.0_212-release-1586-b04)
# Java VM: OpenJDK 64-Bit Server VM (25.212-b04 mixed mode windows-amd64 compressed oops)
Heap:
 PSYoungGen      total 194560K, used 194543K [0x00000000e0000000, 0x00000000ed480000, 0x0000000100000000)
  eden space 176640K, 100% used [0x00000000e0000000,0x00000000eac80000,0x00000000eac80000)
  from space 17920K, 99% used [0x00000000ec300000,0x00000000ed47bec0,0x00000000ed480000)
  to   space 20480K, 99% used [0x00000000eac80000,0x00000000ec07fe60,0x00000000ec080000)
 ParOldGen       total 254464K, used 36072K [0x00000000a0000000, 0x00000000af880000, 0x00000000e0000000)
  object space 254464K, 14% used [0x00000000a0000000,0x00000000a233a088,0x00000000af880000)
 Metaspace       used 77701K, capacity 81624K, committed 81688K, reserved 1120256K
  class space    used 10204K, capacity 11038K, committed 11048K, reserved 1048576K
GC Heap History (10 events):
Event: 6.282 GC heap after
Heap after GC invocations=11 (full 2):
 PSYoungGen      total 172032K, used 14310K [0x00000000e0000000, 0x00000000ebd00000, 0x0000000100000000)
  eden space 157696K, 0% used [0x00000000e0000000,0x00000000e0000000,0x00000000e9a00000)
  from space 14336K, 99% used [0x00000000e9c00000,0x00000000ea9f98c0,0x00000000eaa00000)
  to   space 17920K, 0% used [0x00000000eab80000,0x00000000eab80000,0x00000000ebd00000)
 ParOldGen       total 170496K, used 24291K [0x00000000a0000000, 0x00000000aa680000, 0x00000000e0000000)
  object space 170496K, 14% used [0x00000000a0000000,0x00000000a17b8ca8,0x00000000aa680000)
 Metaspace       used 54308K, capacity 56282K, committed 56360K, reserved 1097728K
  class space    used 7459K, capacity 7902K, committed 7976K, reserved 1048576K
}
Event: 6.720 GC heap before
{Heap before GC invocations=12 (full 2):
 PSYoungGen      total 172032K, used 70915K [0x00000000e0000000, 0x00000000ebd00000, 0x0000000100000000)
  eden space 157696K, 35% used [0x00000000e0000000,0x00000000e37475e0,0x00000000e9a00000)
  from space 14336K, 99% used [0x00000000e9c00000,0x00000000ea9f98c0,0x00000000eaa00000)
  to   space 17920K, 0% used [0x00000000eab80000,0x00000000eab80000,0x00000000ebd00000)
 ParOldGen       total 170496K, used 24291K [0x00000000a0000000, 0x00000000aa680000, 0x00000000e0000000)
  object space 170496K, 14% used [0x00000000a0000000,0x00000000a17b8ca8,0x00000000aa680000)
 Metaspace       used 56871K, capacity 59026K, committed 59160K, reserved 1099776K
  class space    used 7905K, capacity 8364K, committed 8488K, reserved 1048576K
Event: 6.732 GC heap after
Heap after GC invocations=12 (full 2):
 PSYoungGen      total 175616K, used 11882K [0x00000000e0000000, 0x00000000edc80000, 0x0000000100000000)
  eden space 157696K, 0% used [0x00000000e0000000,0x00000000e0000000,0x00000000e9a00000)
  from space 17920K, 66% used [0x00000000eab80000,0x00000000eb71aa48,0x00000000ebd00000)
  to   space 17920K, 0% used [0x00000000e9a00000,0x00000000e9a00000,0x00000000eab80000)
 ParOldGen       total 170496K, used 30120K [0x00000000a0000000, 0x00000000aa680000, 0x00000000e0000000)
  object space 170496K, 17% used [0x00000000a0000000,0x00000000a1d6a2e0,0x00000000aa680000)
 Metaspace       used 56871K, capacity 59026K, committed 59160K, reserved 1099776K
  class space    used 7905K, capacity 8364K, committed 8488K, reserved 1048576K
}
Event: 6.732 GC heap before
{Heap before GC invocations=13 (full 3):
 PSYoungGen      total 175616K, used 11882K [0x00000000e0000000, 0x00000000edc80000, 0x0000000100000000)
  eden space 157696K, 0% used [0x00000000e0000000,0x00000000e0000000,0x00000000e9a00000)
  from space 17920K, 66% used [0x00000000eab80000,0x00000000eb71aa48,0x00000000ebd00000)
  to   space 17920K, 0% used [0x00000000e9a00000,0x00000000e9a00000,0x00000000eab80000)
 ParOldGen       total 170496K, used 30120K [0x00000000a0000000, 0x00000000aa680000, 0x00000000e0000000)
  object space 170496K, 17% used [0x00000000a0000000,0x00000000a1d6a2e0,0x00000000aa680000)
 Metaspace       used 56871K, capacity 59026K, committed 59160K, reserved 1099776K
  class space    used 7905K, capacity 8364K, committed 8488K, reserved 1048576K
Event: 6.914 GC heap after
Heap after GC invocations=13 (full 3):
 PSYoungGen      total 175616K, used 0K [0x00000000e0000000, 0x00000000edc80000, 0x0000000100000000)
  eden space 157696K, 0% used [0x00000000e0000000,0x00000000e0000000,0x00000000e9a00000)
  from space 17920K, 0% used [0x00000000eab80000,0x00000000eab80000,0x00000000ebd00000)
  to   space 17920K, 0% used [0x00000000e9a00000,0x00000000e9a00000,0x00000000eab80000)
 ParOldGen       total 254464K, used 32473K [0x00000000a0000000, 0x00000000af880000, 0x00000000e0000000)
  object space 254464K, 12% used [0x00000000a0000000,0x00000000a1fb6528,0x00000000af880000)
 Metaspace       used 56845K, capacity 58942K, committed 59160K, reserved 1099776K
  class space    used 7897K, capacity 8350K, committed 8488K, reserved 1048576K
}
Event: 8.247 GC heap before
{Heap before GC invocations=14 (full 3):
 PSYoungGen      total 175616K, used 157696K [0x00000000e0000000, 0x00000000edc80000, 0x0000000100000000)
  eden space 157696K, 100% used [0x00000000e0000000,0x00000000e9a00000,0x00000000e9a00000)
  from space 17920K, 0% used [0x00000000eab80000,0x00000000eab80000,0x00000000ebd00000)
  to   space 17920K, 0% used [0x00000000e9a00000,0x00000000e9a00000,0x00000000eab80000)
 ParOldGen       total 254464K, used 32473K [0x00000000a0000000, 0x00000000af880000, 0x00000000e0000000)
  object space 254464K, 12% used [0x00000000a0000000,0x00000000a1fb6528,0x00000000af880000)
 Metaspace       used 63121K, capacity 66044K, committed 66328K, reserved 1105920K
  class space    used 8818K, capacity 9409K, committed 9512K, reserved 1048576K
Event: 8.255 GC heap after
Heap after GC invocations=14 (full 3):
 PSYoungGen      total 175616K, used 13112K [0x00000000e0000000, 0x00000000ed480000, 0x0000000100000000)
  eden space 157696K, 0% used [0x00000000e0000000,0x00000000e0000000,0x00000000e9a00000)
  from space 17920K, 73% used [0x00000000e9a00000,0x00000000ea6ce168,0x00000000eab80000)
  to   space 17920K, 0% used [0x00000000ec300000,0x00000000ec300000,0x00000000ed480000)
 ParOldGen       total 254464K, used 32481K [0x00000000a0000000, 0x00000000af880000, 0x00000000e0000000)
  object space 254464K, 12% used [0x00000000a0000000,0x00000000a1fb8528,0x00000000af880000)
 Metaspace       used 63121K, capacity 66044K, committed 66328K, reserved 1105920K
  class space    used 8818K, capacity 9409K, committed 9512K, reserved 1048576K
}
Event: 698.482 GC heap before
{Heap before GC invocations=15 (full 3):
 PSYoungGen      total 175616K, used 170808K [0x00000000e0000000, 0x00000000ed480000, 0x0000000100000000)
  eden space 157696K, 100% used [0x00000000e0000000,0x00000000e9a00000,0x00000000e9a00000)
  from space 17920K, 73% used [0x00000000e9a00000,0x00000000ea6ce168,0x00000000eab80000)
  to   space 17920K, 0% used [0x00000000ec300000,0x00000000ec300000,0x00000000ed480000)
 ParOldGen       total 254464K, used 32481K [0x00000000a0000000, 0x00000000af880000, 0x00000000e0000000)
  object space 254464K, 12% used [0x00000000a0000000,0x00000000a1fb8528,0x00000000af880000)
 Metaspace       used 69646K, capacity 73172K, committed 73368K, reserved 1112064K
  class space    used 9336K, capacity 10027K, committed 10152K, reserved 1048576K
Event: 698.515 GC heap after
Heap after GC invocations=15 (full 3):
 PSYoungGen      total 194560K, used 17903K [0x00000000e0000000, 0x00000000ed480000, 0x0000000100000000)
  eden space 176640K, 0% used [0x00000000e0000000,0x00000000e0000000,0x00000000eac80000)
  from space 17920K, 99% used [0x00000000ec300000,0x00000000ed47bec0,0x00000000ed480000)
  to   space 20480K, 0% used [0x00000000eac80000,0x00000000eac80000,0x00000000ec080000)
 ParOldGen       total 254464K, used 34168K [0x00000000a0000000, 0x00000000af880000, 0x00000000e0000000)
  object space 254464K, 13% used [0x00000000a0000000,0x00000000a215e068,0x00000000af880000)
 Metaspace       used 69646K, capacity 73172K, committed 73368K, reserved 1112064K
  class space    used 9336K, capacity 10027K, committed 10152K, reserved 1048576K
}
Event: 799.514 GC heap before
{Heap before GC invocations=16 (full 3):
 PSYoungGen      total 194560K, used 194543K [0x00000000e0000000, 0x00000000ed480000, 0x0000000100000000)
  eden space 176640K, 100% used [0x00000000e0000000,0x00000000eac80000,0x00000000eac80000)
  from space 17920K, 99% used [0x00000000ec300000,0x00000000ed47bec0,0x00000000ed480000)
  to   space 20480K, 0% used [0x00000000eac80000,0x00000000eac80000,0x00000000ec080000)
 ParOldGen       total 254464K, used 34168K [0x00000000a0000000, 0x00000000af880000, 0x00000000e0000000)
  object space 254464K, 13% used [0x00000000a0000000,0x00000000a215e068,0x00000000af880000)
 Metaspace       used 77701K, capacity 81624K, committed 81688K, reserved 1120256K
  class space    used 10204K, capacity 11038K, committed 11048K, reserved 1048576K

